[LOG     ] Writing to logs/the-benefits-of-quality-furniture-installation.log and logs/the-benefits-of-quality-furniture-installation.err
[EXTRACT ] title: "7 Benefits of Quality Furniture Installation"
[EXTRACT ] metaDescription: 160 chars
[EXTRACT ] publishedAt: not found
[EXTRACT ] category: not found
[EXTRACT ] body selector: .entry-content found
[EXTRACT ] internal links in body: 8
[EXTRACT ] body: 5770 chars
[META    ] --meta-description override: 153 chars
[CONVERT ] htmlToBlocks complete -- 17 blocks
[LINKS   ] 8 internal links:
[LINKS   ]   [OK      ] "Quality furniture installation" -> /blog/how-to-find-a-chicago-corporate-installation-expert/
[LINKS   ]   [OK      ] "the layout of your space" -> /services/space-planning/
[LINKS   ]   [OK      ] "team of installation professionals" -> /about/
[LINKS   ]   [OK      ] "quality furniture installations" -> /blog/the-benefits-of-quality-furniture-installation/
[LINKS   ]   [OK      ] "window treatments" -> /services/window-treatment-installations/
[LINKS   ]   [OK      ] "variety of industries" -> /project-gallery/
[LINKS   ]   [OK      ] "Chicago or suburban corporate installation expert" -> /services/commercial-office-furniture-installation-chicago-il/
[LINKS   ]   [OK      ] "contact us" -> /contact/
[WRITE   ] createOrReplace _id: blog-the-benefits-of-quality-furniture-installation
[WRITE   ] dataset: production, projectId: hwyx6cco
[DONE    ] checkmark blog-the-benefits-of-quality-furniture-installation written to Sanity
